#
# There is insufficient memory for the Java Runtime Environment to continue.
# Native memory allocation (malloc) failed to allocate 1253296 bytes for Chunk::new
# Possible reasons:
#   The system is out of physical RAM or swap space
#   The process is running with CompressedOops enabled, and the Java Heap may be blocking the growth of the native heap
# Possible solutions:
#   Reduce memory load on the system
#   Increase physical memory or swap space
#   Check if swap backing store is full
#   Decrease Java heap size (-Xmx/-Xms)
#   Decrease number of Java threads
#   Decrease Java thread stack sizes (-Xss)
#   Set larger code cache with -XX:ReservedCodeCacheSize=
#   JVM is running with Zero Based Compressed Oops mode in which the Java heap is
#     placed in the first 32GB address space. The Java Heap base address is the
#     maximum limit for the native heap growth. Please use -XX:HeapBaseMinAddress
#     to set the Java Heap base and to place the Java Heap above 32GB virtual address.
# This output file may be truncated or incomplete.
#
#  Out of Memory Error (t:/workspace/hotspot/src/share/vm/memory/allocation.cpp:372), pid=10884, tid=17332
#
# JRE version: Java(TM) SE Runtime Environment (9.0+11) (build 9.0.4+11)
# Java VM: Java HotSpot(TM) 64-Bit Server VM (9.0.4+11, mixed mode, tiered, compressed oops, g1 gc, windows-amd64)
# No core dump will be written. Minidumps are not enabled by default on client versions of Windows
#

---------------  S U M M A R Y ------------

Command Line: -Dsun.java2d.pmoffscreen=false -Dsun.java2d.xrender=false -Dsun.java2d.d3d=false -Dsun.awt.nopixfmt=true -Dsun.java2d.dpiaware=true -Dsun.java2d.uiScale.enabled=false -Xverify:none -Dswing.aatext=true -XX:-UsePerfData -Djdk.map.althashing.threshold=512 -XX:StringTableSize=4072 --add-opens=java.base/java.nio=ALL-UNNAMED --add-opens=java.desktop/sun.swing=ALL-UNNAMED --add-opens=java.desktop/javax.swing=ALL-UNNAMED --add-opens=java.desktop/javax.swing.tree=ALL-UNNAMED --add-opens=java.desktop/javax.swing.plaf.basic=ALL-UNNAMED --add-opens=java.desktop/javax.swing.plaf.synth=ALL-UNNAMED --add-opens=java.desktop/com.sun.awt=ALL-UNNAMED -XX:NewSize=60m -XX:MaxNewSize=60m -Xms128m -Xmx3072m -Xss5m 

Host: Intel(R) Core(TM) i7-10510U CPU @ 1.80GHz, 8 cores, 7G,  Windows 10 , 64 bit Build 22621 (10.0.22621.2506)
Time: Tue Dec 05 14:58:36 2023 Sri Lanka Standard Time elapsed time: 1047 seconds (0d 0h 17m 27s)

---------------  T H R E A D  ---------------

Current thread (0x000001d41a954800):  JavaThread "C2 CompilerThread0" daemon [_thread_in_native, id=17332, stack(0x000000654cf00000,0x000000654d000000)]


Current CompileTask:
C2:1047929 18786       4       com.jidesoft.plaf.basic.BasicJideButtonUI::getIcon (185 bytes)

Stack: [0x000000654cf00000,0x000000654d000000]
Native frames: (J=compiled Java code, j=interpreted, Vv=VM code, C=native code)
V  [jvm.dll+0x587068]
V  [jvm.dll+0x69c25e]
V  [jvm.dll+0x69d17a]
V  [jvm.dll+0x69d7b3]
V  [jvm.dll+0x21d198]
V  [jvm.dll+0xa7aac]
V  [jvm.dll+0xa83ec]
V  [jvm.dll+0x320eac]
V  [jvm.dll+0x2e7aaa]
V  [jvm.dll+0x2e703a]
V  [jvm.dll+0x1e9ae1]
V  [jvm.dll+0x1e8d86]
V  [jvm.dll+0x1691cb]
V  [jvm.dll+0x1f6570]
V  [jvm.dll+0x1f51f6]
V  [jvm.dll+0x66b44f]
V  [jvm.dll+0x586490]
C  [MSVCR120.dll+0x24f6b]
C  [MSVCR120.dll+0x25098]
C  [KERNEL32.DLL+0x1257d]
C  [ntdll.dll+0x5aa58]


---------------  P R O C E S S  ---------------

Java Threads: ( => current thread )
  0x000001d442982800 JavaThread "Run Simulation Thread" [_thread_blocked, id=14560, stack(0x0000006554d00000,0x0000006555200000)]
  0x000001d442985000 JavaThread "ForkJoinPool.commonPool-worker-9" daemon [_thread_blocked, id=6772, stack(0x0000006555700000,0x0000006555c00000)]
  0x000001d442980800 JavaThread "Image Animator 2" daemon [_thread_blocked, id=15216, stack(0x0000006553900000,0x0000006553e00000)]
  0x000001d44297a800 JavaThread "Swing-Shell" daemon [_thread_blocked, id=1604, stack(0x0000006553400000,0x0000006553900000)]
  0x000001d44297d800 JavaThread "SyntheticaAnimation 50" daemon [_thread_blocked, id=11580, stack(0x0000006554300000,0x0000006554800000)]
  0x000001d44297f800 JavaThread "SyntheticaAnimation 50" daemon [_thread_blocked, id=14492, stack(0x0000006552200000,0x0000006552700000)]
  0x000001d44297f000 JavaThread "Update Runs Swing Worker Thread" [_thread_blocked, id=3472, stack(0x0000006553e00000,0x0000006554300000)]
  0x000001d44297c800 JavaThread "hw_ila_monitor" [_thread_blocked, id=5436, stack(0x0000006552f00000,0x0000006553400000)]
  0x000001d44297e000 JavaThread "Refresh Filesets Swing Worker Thread" [_thread_blocked, id=14900, stack(0x0000006552a00000,0x0000006552f00000)]
  0x000001d418f51000 JavaThread "SyntheticaAnimation 70" daemon [_thread_blocked, id=10880, stack(0x000000654f200000,0x000000654f700000)]
  0x000001d418f50800 JavaThread "SyntheticaAnimation 25" daemon [_thread_blocked, id=10864, stack(0x0000006550b00000,0x0000006551000000)]
  0x000001d418f55800 JavaThread "SyntheticaAnimation 50" daemon [_thread_blocked, id=17336, stack(0x0000006551d00000,0x0000006552200000)]
  0x000001d418f54000 JavaThread "Monitor HEventQueue Thread" [_thread_blocked, id=17520, stack(0x0000006551800000,0x0000006551d00000)]
  0x000001d418f53800 JavaThread "SyntheticaCleanerThread" daemon [_thread_blocked, id=1880, stack(0x0000006551000000,0x0000006551500000)]
  0x000001d418f52800 JavaThread "Batik CleanerThread" daemon [_thread_blocked, id=11732, stack(0x000000654f700000,0x000000654fc00000)]
  0x000001d418f4f800 JavaThread "Process Messages Thread" [_thread_blocked, id=8508, stack(0x0000006550600000,0x0000006550b00000)]
  0x000001d418f52000 JavaThread "Thread-1" [_thread_in_native, id=15348, stack(0x0000006548f00000,0x000000654a300000)]
  0x000001d41b8d7000 JavaThread "AWT-EventQueue-0" [_thread_in_Java, id=4620, stack(0x0000006550100000,0x0000006550600000)]
  0x000001d43ceac000 JavaThread "AWT-Shutdown" [_thread_blocked, id=2224, stack(0x000000654fc00000,0x0000006550100000)]
  0x000001d41b0c8000 JavaThread "TimerQueue" daemon [_thread_blocked, id=17548, stack(0x000000654e800000,0x000000654ed00000)]
  0x000001d41a401000 JavaThread "AWT-Windows" daemon [_thread_in_native, id=12172, stack(0x000000654ed00000,0x000000654f200000)]
  0x000001d41b53e800 JavaThread "Java2D Disposer" daemon [_thread_blocked, id=7872, stack(0x000000654e300000,0x000000654e800000)]
  0x000001d41874a800 JavaThread "Service Thread" daemon [_thread_blocked, id=10448, stack(0x000000654dd00000,0x000000654e200000)]
  0x000001d419a9e000 JavaThread "Common-Cleaner" daemon [_thread_blocked, id=9840, stack(0x000000654d800000,0x000000654dd00000)]
  0x000001d418f55000 JavaThread "Sweeper thread" daemon [_thread_blocked, id=10244, stack(0x000000654d300000,0x000000654d800000)]
  0x000001d416a1a000 JavaThread "C1 CompilerThread3" daemon [_thread_blocked, id=14084, stack(0x000000654d200000,0x000000654d300000)]
  0x000001d416a19800 JavaThread "C2 CompilerThread2" daemon [_thread_blocked, id=8252, stack(0x000000654d100000,0x000000654d200000)]
  0x000001d41a955000 JavaThread "C2 CompilerThread1" daemon [_thread_in_native, id=16696, stack(0x000000654d000000,0x000000654d100000)]
=>0x000001d41a954800 JavaThread "C2 CompilerThread0" daemon [_thread_in_native, id=17332, stack(0x000000654cf00000,0x000000654d000000)]
  0x000001d4133ae000 JavaThread "Attach Listener" daemon [_thread_blocked, id=14512, stack(0x000000654ca00000,0x000000654cf00000)]
  0x000001d418f01800 JavaThread "Signal Dispatcher" daemon [_thread_blocked, id=13788, stack(0x000000654c500000,0x000000654ca00000)]
  0x000001d41a8ce800 JavaThread "Finalizer" daemon [_thread_blocked, id=12992, stack(0x000000654c000000,0x000000654c500000)]
  0x000001d41a689000 JavaThread "Reference Handler" daemon [_thread_blocked, id=14344, stack(0x000000654bb00000,0x000000654c000000)]
  0x000001d41729e000 JavaThread "main" [_thread_blocked, id=15044, stack(0x000000654a500000,0x000000654a600000)]

Other Threads:
  0x000001d41a688800 VMThread "VM Thread" [stack: 0x000000654ba00000,0x000000654bb00000] [id=14572]
  0x000001d4183aa000 WatcherThread [stack: 0x000000654e200000,0x000000654e300000] [id=17300]
  0x000001d4154d3000 GCTaskThread "GC Thread#0" [stack: 0x000000654a600000,0x000000654a700000] [id=14208]
  0x000001d4154d6000 GCTaskThread "GC Thread#1" [stack: 0x000000654a700000,0x000000654a800000] [id=13384]
  0x000001d4154d2000 GCTaskThread "GC Thread#2" [stack: 0x000000654a800000,0x000000654a900000] [id=2892]
  0x000001d4154d0800 GCTaskThread "GC Thread#3" [stack: 0x000000654a900000,0x000000654aa00000] [id=10044]
  0x000001d4154cf800 GCTaskThread "GC Thread#4" [stack: 0x000000654aa00000,0x000000654ab00000] [id=13072]
  0x000001d4154d5000 GCTaskThread "GC Thread#5" [stack: 0x000000654ab00000,0x000000654ac00000] [id=6560]
  0x000001d4154d0000 GCTaskThread "GC Thread#6" [stack: 0x000000654ac00000,0x000000654ad00000] [id=3108]
  0x000001d4154d2800 GCTaskThread "GC Thread#7" [stack: 0x000000654ad00000,0x000000654ae00000] [id=5720]
  0x000001d41a58a000 ConcurrentGCThread "G1 Main Marker" [stack: 0x000000654b700000,0x000000654b800000] [id=17584]
  0x000001d4154d3800 ConcurrentGCThread "G1 Marker#0" [stack: 0x000000654b800000,0x000000654b900000] [id=13104]
  0x000001d4154d1000 ConcurrentGCThread "G1 Marker#1" [stack: 0x000000654b900000,0x000000654ba00000] [id=14268]
  0x000001d416bc3000 ConcurrentGCThread "G1 Refine#0" [stack: 0x000000654b500000,0x000000654b600000] [id=8904]
  0x000001d416bc2800 ConcurrentGCThread "G1 Refine#1" [stack: 0x000000654b400000,0x000000654b500000] [id=9448]
  0x000001d41a8db000 ConcurrentGCThread "G1 Refine#2" [stack: 0x000000654b300000,0x000000654b400000] [id=3996]
  0x000001d41a8da000 ConcurrentGCThread "G1 Refine#3" [stack: 0x000000654b200000,0x000000654b300000] [id=13332]
  0x000001d419f78000 ConcurrentGCThread "G1 Refine#4" [stack: 0x000000654b100000,0x000000654b200000] [id=10512]
  0x000001d416dd2000 ConcurrentGCThread "G1 Refine#5" [stack: 0x000000654b000000,0x000000654b100000] [id=1164]
  0x000001d41a285800 ConcurrentGCThread "G1 Refine#6" [stack: 0x000000654af00000,0x000000654b000000] [id=14628]
  0x000001d41a284800 ConcurrentGCThread "G1 Refine#7" [stack: 0x000000654ae00000,0x000000654af00000] [id=3856]
  0x000001d41a589800 ConcurrentGCThread "G1 Young RemSet Sampling" [stack: 0x000000654b600000,0x000000654b700000] [id=13988]

Threads with active compile tasks:
C2 CompilerThread118792       4       com.jidesoft.editor.SyntaxUtils::a (569 bytes)
C2 CompilerThread018786       4       com.jidesoft.plaf.basic.BasicJideButtonUI::getIcon (185 bytes)

VM state:not at safepoint (normal execution)

VM Mutex/Monitor currently owned by a thread: None

Heap address: 0x0000000700000000, size: 3072 MB, Compressed Oops mode: Zero based, Oop shift amount: 3
Narrow klass base: 0x0000000000000000, Narrow klass shift: 3
Compressed class space size: 1073741824 Address: 0x00000007c0000000

Heap:
 garbage-first heap   total 214016K, used 88743K [0x0000000700000000, 0x0000000700100688, 0x00000007c0000000)
  region size 1024K, 14 young (14336K), 1 survivors (1024K)
 Metaspace       used 84318K, capacity 90469K, committed 90832K, reserved 1126400K
  class space    used 12113K, capacity 13197K, committed 13308K, reserved 1048576K
Heap Regions: E=young(eden), S=young(survivor), O=old, HS=humongous(starts), HC=humongous(continues), CS=collection set, F=free, A=archive, TS=gc time stamp, AC=allocation context, TAMS=top-at-mark-start (previous, next)
|   0|0x0000000700000000, 0x00000007000c9c60, 0x0000000700100000| 78%| O|  |TS  0|AC  0|TAMS 0x0000000700000000, 0x0000000700000000|
|   1|0x0000000700100000, 0x00000007001fe408, 0x0000000700200000| 99%| O|  |TS  0|AC  0|TAMS 0x0000000700100000, 0x0000000700100000|
|   2|0x0000000700200000, 0x00000007002f37f8, 0x0000000700300000| 95%| O|  |TS  0|AC  0|TAMS 0x0000000700200000, 0x0000000700200000|
|   3|0x0000000700300000, 0x00000007003f40e0, 0x0000000700400000| 95%| O|  |TS  0|AC  0|TAMS 0x0000000700300000, 0x0000000700300000|
|   4|0x0000000700400000, 0x0000000700500000, 0x0000000700500000|100%|HS|  |TS  0|AC  0|TAMS 0x0000000700400000, 0x0000000700400000|
|   5|0x0000000700500000, 0x0000000700600000, 0x0000000700600000|100%|HC|  |TS  0|AC  0|TAMS 0x0000000700500000, 0x0000000700500000|
|   6|0x0000000700600000, 0x0000000700700000, 0x0000000700700000|100%|HS|  |TS  0|AC  0|TAMS 0x0000000700600000, 0x0000000700600000|
|   7|0x0000000700700000, 0x00000007007feb68, 0x0000000700800000| 99%| O|  |TS  0|AC  0|TAMS 0x0000000700700000, 0x0000000700700000|
|   8|0x0000000700800000, 0x00000007008e0310, 0x0000000700900000| 87%| O|  |TS  0|AC  0|TAMS 0x0000000700800000, 0x0000000700800000|
|   9|0x0000000700900000, 0x00000007009fd078, 0x0000000700a00000| 98%| O|  |TS  0|AC  0|TAMS 0x0000000700900000, 0x0000000700900000|
|  10|0x0000000700a00000, 0x0000000700affff0, 0x0000000700b00000| 99%| O|  |TS  0|AC  0|TAMS 0x0000000700a00000, 0x0000000700a00000|
|  11|0x0000000700b00000, 0x0000000700bffff0, 0x0000000700c00000| 99%| O|  |TS  0|AC  0|TAMS 0x0000000700b00000, 0x0000000700b00000|
|  12|0x0000000700c00000, 0x0000000700cf9a18, 0x0000000700d00000| 97%| O|  |TS  0|AC  0|TAMS 0x0000000700c00000, 0x0000000700c00000|
|  13|0x0000000700d00000, 0x0000000700dd1288, 0x0000000700e00000| 81%| O|  |TS  0|AC  0|TAMS 0x0000000700d00000, 0x0000000700d00000|
|  14|0x0000000700e00000, 0x0000000700effff0, 0x0000000700f00000| 99%| O|  |TS  0|AC  0|TAMS 0x0000000700e00000, 0x0000000700e00000|
|  15|0x0000000700f00000, 0x0000000700ffb9e0, 0x0000000701000000| 98%| O|  |TS  0|AC  0|TAMS 0x0000000700f00000, 0x0000000700f00000|
|  16|0x0000000701000000, 0x00000007010fffe8, 0x0000000701100000| 99%| O|  |TS  0|AC  0|TAMS 0x0000000701000000, 0x0000000701000000|
|  17|0x0000000701100000, 0x00000007011fffc8, 0x0000000701200000| 99%| O|  |TS  0|AC  0|TAMS 0x0000000701100000, 0x0000000701100000|
|  18|0x0000000701200000, 0x0000000701300000, 0x0000000701300000|100%|HS|  |TS  0|AC  0|TAMS 0x0000000701200000, 0x0000000701200000|
|  19|0x0000000701300000, 0x00000007013fffc8, 0x0000000701400000| 99%| O|  |TS  0|AC  0|TAMS 0x0000000701300000, 0x0000000701300000|
|  20|0x0000000701400000, 0x0000000701500000, 0x0000000701500000|100%| O|  |TS  0|AC  0|TAMS 0x0000000701400000, 0x0000000701400000|
|  21|0x0000000701500000, 0x00000007015fffc0, 0x0000000701600000| 99%| O|  |TS  0|AC  0|TAMS 0x0000000701500000, 0x0000000701500000|
|  22|0x0000000701600000, 0x00000007016ffd90, 0x0000000701700000| 99%| O|  |TS  0|AC  0|TAMS 0x0000000701600000, 0x0000000701600000|
|  23|0x0000000701700000, 0x00000007017fffe8, 0x0000000701800000| 99%| O|  |TS  0|AC  0|TAMS 0x0000000701700000, 0x0000000701700000|
|  24|0x0000000701800000, 0x00000007018fffe8, 0x0000000701900000| 99%| O|  |TS  0|AC  0|TAMS 0x0000000701800000, 0x0000000701800000|
|  25|0x0000000701900000, 0x00000007019ffff0, 0x0000000701a00000| 99%| O|  |TS  0|AC  0|TAMS 0x0000000701900000, 0x0000000701900000|
|  26|0x0000000701a00000, 0x0000000701affff8, 0x0000000701b00000| 99%| O|  |TS  0|AC  0|TAMS 0x0000000701a00000, 0x0000000701a00000|
|  27|0x0000000701b00000, 0x0000000701c00000, 0x0000000701c00000|100%| O|  |TS  0|AC  0|TAMS 0x0000000701b00000, 0x0000000701b00000|
|  28|0x0000000701c00000, 0x0000000701d00000, 0x0000000701d00000|100%| O|  |TS  0|AC  0|TAMS 0x0000000701c00000, 0x0000000701c00000|
|  29|0x0000000701d00000, 0x0000000701dfffd8, 0x0000000701e00000| 99%| O|  |TS  0|AC  0|TAMS 0x0000000701d00000, 0x0000000701d00000|
|  30|0x0000000701e00000, 0x0000000701efffd8, 0x0000000701f00000| 99%| O|  |TS  0|AC  0|TAMS 0x0000000701e00000, 0x0000000701e00000|
|  31|0x0000000701f00000, 0x0000000701fffff8, 0x0000000702000000| 99%| O|  |TS  0|AC  0|TAMS 0x0000000701f00000, 0x0000000701f00000|
|  32|0x0000000702000000, 0x00000007020ffff8, 0x0000000702100000| 99%| O|  |TS  0|AC  0|TAMS 0x0000000702000000, 0x0000000702000000|
|  33|0x0000000702100000, 0x00000007021ffe98, 0x0000000702200000| 99%| O|  |TS  0|AC  0|TAMS 0x0000000702100000, 0x0000000702100000|
|  34|0x0000000702200000, 0x00000007022ffff8, 0x0000000702300000| 99%| O|  |TS  0|AC  0|TAMS 0x0000000702200000, 0x0000000702200000|
|  35|0x0000000702300000, 0x00000007023fffb8, 0x0000000702400000| 99%| O|  |TS  0|AC  0|TAMS 0x0000000702300000, 0x0000000702300000|
|  36|0x0000000702400000, 0x00000007024ffe18, 0x0000000702500000| 99%| O|  |TS  0|AC  0|TAMS 0x0000000702400000, 0x0000000702400000|
|  37|0x0000000702500000, 0x00000007025ffff0, 0x0000000702600000| 99%| O|  |TS  0|AC  0|TAMS 0x0000000702500000, 0x0000000702500000|
|  38|0x0000000702600000, 0x00000007026fdcb8, 0x0000000702700000| 99%| O|  |TS  0|AC  0|TAMS 0x0000000702600000, 0x0000000702600000|
|  39|0x0000000702700000, 0x00000007027ffff0, 0x0000000702800000| 99%| O|  |TS  0|AC  0|TAMS 0x0000000702700000, 0x0000000702700000|
|  40|0x0000000702800000, 0x0000000702900000, 0x0000000702900000|100%| O|  |TS  0|AC  0|TAMS 0x0000000702800000, 0x0000000702800000|
|  41|0x0000000702900000, 0x00000007029ffe30, 0x0000000702a00000| 99%| O|  |TS  0|AC  0|TAMS 0x0000000702900000, 0x0000000702900000|
|  42|0x0000000702a00000, 0x0000000702affec0, 0x0000000702b00000| 99%| O|  |TS  0|AC  0|TAMS 0x0000000702a00000, 0x0000000702a00000|
|  43|0x0000000702b00000, 0x0000000702bfd468, 0x0000000702c00000| 98%| O|  |TS  0|AC  0|TAMS 0x0000000702b00000, 0x0000000702b00000|
|  44|0x0000000702c00000, 0x0000000702cfc370, 0x0000000702d00000| 98%| O|  |TS  0|AC  0|TAMS 0x0000000702c00000, 0x0000000702c00000|
|  45|0x0000000702d00000, 0x0000000702dffff8, 0x0000000702e00000| 99%| O|  |TS  0|AC  0|TAMS 0x0000000702d00000, 0x0000000702d00000|
|  46|0x0000000702e00000, 0x0000000702efffd8, 0x0000000702f00000| 99%| O|  |TS  0|AC  0|TAMS 0x0000000702e00000, 0x0000000702e00000|
|  47|0x0000000702f00000, 0x0000000702fffda0, 0x0000000703000000| 99%| O|  |TS  0|AC  0|TAMS 0x0000000702f00000, 0x0000000702f00000|
|  48|0x0000000703000000, 0x0000000703100000, 0x0000000703100000|100%|HS|  |TS  0|AC  0|TAMS 0x0000000703000000, 0x0000000703000000|
|  49|0x0000000703100000, 0x0000000703200000, 0x0000000703200000|100%|HC|  |TS  0|AC  0|TAMS 0x0000000703100000, 0x0000000703100000|
|  50|0x0000000703200000, 0x0000000703300000, 0x0000000703300000|100%|HC|  |TS  0|AC  0|TAMS 0x0000000703200000, 0x0000000703200000|
|  51|0x0000000703300000, 0x0000000703400000, 0x0000000703400000|100%|HC|  |TS  0|AC  0|TAMS 0x0000000703300000, 0x0000000703300000|
|  52|0x0000000703400000, 0x0000000703500000, 0x0000000703500000|100%|HC|  |TS  0|AC  0|TAMS 0x0000000703400000, 0x0000000703400000|
|  53|0x0000000703500000, 0x0000000703600000, 0x0000000703600000|100%|HC|  |TS  0|AC  0|TAMS 0x0000000703500000, 0x0000000703500000|
|  54|0x0000000703600000, 0x0000000703700000, 0x0000000703700000|100%|HC|  |TS  0|AC  0|TAMS 0x0000000703600000, 0x0000000703600000|
|  55|0x0000000703700000, 0x0000000703800000, 0x0000000703800000|100%|HC|  |TS  0|AC  0|TAMS 0x0000000703700000, 0x0000000703700000|
|  56|0x0000000703800000, 0x00000007038fffe8, 0x0000000703900000| 99%| O|  |TS  0|AC  0|TAMS 0x0000000703800000, 0x0000000703800000|
|  57|0x0000000703900000, 0x00000007039fb2c8, 0x0000000703a00000| 98%| O|  |TS  0|AC  0|TAMS 0x0000000703900000, 0x0000000703900000|
|  58|0x0000000703a00000, 0x0000000703affff8, 0x0000000703b00000| 99%| O|  |TS  0|AC  0|TAMS 0x0000000703a00000, 0x0000000703a00000|
|  59|0x0000000703b00000, 0x0000000703bfffc0, 0x0000000703c00000| 99%| O|  |TS  0|AC  0|TAMS 0x0000000703b00000, 0x0000000703b00000|
|  60|0x0000000703c00000, 0x0000000703cfc9c0, 0x0000000703d00000| 98%| O|  |TS  0|AC  0|TAMS 0x0000000703c00000, 0x0000000703c00000|
|  61|0x0000000703d00000, 0x0000000703dfffe0, 0x0000000703e00000| 99%| O|  |TS  0|AC  0|TAMS 0x0000000703d00000, 0x0000000703d00000|
|  62|0x0000000703e00000, 0x0000000703efffc0, 0x0000000703f00000| 99%| O|  |TS  0|AC  0|TAMS 0x0000000703e00000, 0x0000000703e00000|
|  63|0x0000000703f00000, 0x0000000704000000, 0x0000000704000000|100%| O|  |TS  0|AC  0|TAMS 0x0000000703f00000, 0x0000000703f00000|
|  64|0x0000000704000000, 0x0000000704100000, 0x0000000704100000|100%|HS|  |TS  0|AC  0|TAMS 0x0000000704000000, 0x0000000704000000|
|  65|0x0000000704100000, 0x0000000704200000, 0x0000000704200000|100%|HC|  |TS  0|AC  0|TAMS 0x0000000704100000, 0x0000000704100000|
|  66|0x0000000704200000, 0x00000007042f6220, 0x0000000704300000| 96%| O|  |TS  0|AC  0|TAMS 0x0000000704200000, 0x0000000704200000|
|  67|0x0000000704300000, 0x00000007043ffff8, 0x0000000704400000| 99%| O|  |TS  0|AC  0|TAMS 0x0000000704300000, 0x0000000704300000|
|  68|0x0000000704400000, 0x0000000704500000, 0x0000000704500000|100%| O|  |TS  0|AC  0|TAMS 0x0000000704400000, 0x0000000704400000|
|  69|0x0000000704500000, 0x0000000704600000, 0x0000000704600000|100%| O|  |TS  0|AC  0|TAMS 0x0000000704500000, 0x0000000704500000|
|  70|0x0000000704600000, 0x00000007046ffe30, 0x0000000704700000| 99%| O|  |TS  0|AC  0|TAMS 0x0000000704600000, 0x0000000704600000|
|  71|0x0000000704700000, 0x0000000704800000, 0x0000000704800000|100%| O|  |TS  0|AC  0|TAMS 0x0000000704700000, 0x0000000704700000|
|  72|0x0000000704800000, 0x00000007048ffe20, 0x0000000704900000| 99%| O|  |TS  0|AC  0|TAMS 0x0000000704800000, 0x0000000704800000|
|  73|0x0000000704900000, 0x00000007049b4208, 0x0000000704a00000| 70%| O|  |TS  0|AC  0|TAMS 0x0000000704900000, 0x0000000704900000|
|  74|0x0000000704a00000, 0x0000000704a00000, 0x0000000704b00000|  0%| F|  |TS  0|AC  0|TAMS 0x0000000704a00000, 0x0000000704a00000|
|  75|0x0000000704b00000, 0x0000000704b00000, 0x0000000704c00000|  0%| F|  |TS  0|AC  0|TAMS 0x0000000704b00000, 0x0000000704b00000|
|  76|0x0000000704c00000, 0x0000000704c00000, 0x0000000704d00000|  0%| F|  |TS  0|AC  0|TAMS 0x0000000704c00000, 0x0000000704c00000|
|  77|0x0000000704d00000, 0x0000000704d00000, 0x0000000704e00000|  0%| F|  |TS  0|AC  0|TAMS 0x0000000704d00000, 0x0000000704d00000|
|  78|0x0000000704e00000, 0x0000000704e00000, 0x0000000704f00000|  0%| F|  |TS  0|AC  0|TAMS 0x0000000704e00000, 0x0000000704e00000|
|  79|0x0000000704f00000, 0x0000000705000000, 0x0000000705000000|100%|HS|  |TS  0|AC  0|TAMS 0x0000000704f00000, 0x0000000704f00000|
|  80|0x0000000705000000, 0x0000000705000000, 0x0000000705100000|  0%| F|  |TS  0|AC  0|TAMS 0x0000000705000000, 0x0000000705000000|
|  81|0x0000000705100000, 0x0000000705100000, 0x0000000705200000|  0%| F|  |TS  0|AC  0|TAMS 0x0000000705100000, 0x0000000705100000|
|  82|0x0000000705200000, 0x0000000705200000, 0x0000000705300000|  0%| F|  |TS  0|AC  0|TAMS 0x0000000705200000, 0x0000000705200000|
|  83|0x0000000705300000, 0x0000000705300000, 0x0000000705400000|  0%| F|  |TS  0|AC  0|TAMS 0x0000000705300000, 0x0000000705300000|
|  84|0x0000000705400000, 0x0000000705400000, 0x0000000705500000|  0%| F|  |TS  0|AC  0|TAMS 0x0000000705400000, 0x0000000705400000|
|  85|0x0000000705500000, 0x0000000705500000, 0x0000000705600000|  0%| F|  |TS  0|AC  0|TAMS 0x0000000705500000, 0x0000000705500000|
|  86|0x0000000705600000, 0x0000000705600000, 0x0000000705700000|  0%| F|  |TS  0|AC  0|TAMS 0x0000000705600000, 0x0000000705600000|
|  87|0x0000000705700000, 0x0000000705700000, 0x0000000705800000|  0%| F|  |TS  0|AC  0|TAMS 0x0000000705700000, 0x0000000705700000|
|  88|0x0000000705800000, 0x0000000705800000, 0x0000000705900000|  0%| F|  |TS  0|AC  0|TAMS 0x0000000705800000, 0x0000000705800000|
|  89|0x0000000705900000, 0x0000000705900000, 0x0000000705a00000|  0%| F|  |TS  0|AC  0|TAMS 0x0000000705900000, 0x0000000705900000|
|  90|0x0000000705a00000, 0x0000000705a00000, 0x0000000705b00000|  0%| F|  |TS  0|AC  0|TAMS 0x0000000705a00000, 0x0000000705a00000|
|  91|0x0000000705b00000, 0x0000000705b00000, 0x0000000705c00000|  0%| F|  |TS  0|AC  0|TAMS 0x0000000705b00000, 0x0000000705b00000|
|  92|0x0000000705c00000, 0x0000000705c00000, 0x0000000705d00000|  0%| F|  |TS  0|AC  0|TAMS 0x0000000705c00000, 0x0000000705c00000|
|  93|0x0000000705d00000, 0x0000000705d00000, 0x0000000705e00000|  0%| F|  |TS  0|AC  0|TAMS 0x0000000705d00000, 0x0000000705d00000|
|  94|0x0000000705e00000, 0x0000000705e00000, 0x0000000705f00000|  0%| F|  |TS  0|AC  0|TAMS 0x0000000705e00000, 0x0000000705e00000|
|  95|0x0000000705f00000, 0x0000000705f00000, 0x0000000706000000|  0%| F|  |TS  0|AC  0|TAMS 0x0000000705f00000, 0x0000000705f00000|
|  96|0x0000000706000000, 0x0000000706000000, 0x0000000706100000|  0%| F|  |TS  0|AC  0|TAMS 0x0000000706000000, 0x0000000706000000|
|  97|0x0000000706100000, 0x0000000706100000, 0x0000000706200000|  0%| F|  |TS  0|AC  0|TAMS 0x0000000706100000, 0x0000000706100000|
|  98|0x0000000706200000, 0x0000000706200000, 0x0000000706300000|  0%| F|  |TS  0|AC  0|TAMS 0x0000000706200000, 0x0000000706200000|
|  99|0x0000000706300000, 0x0000000706300000, 0x0000000706400000|  0%| F|  |TS  0|AC  0|TAMS 0x0000000706300000, 0x0000000706300000|
| 100|0x0000000706400000, 0x0000000706400000, 0x0000000706500000|  0%| F|  |TS  0|AC  0|TAMS 0x0000000706400000, 0x0000000706400000|
| 101|0x0000000706500000, 0x0000000706500000, 0x0000000706600000|  0%| F|  |TS  0|AC  0|TAMS 0x0000000706500000, 0x0000000706500000|
| 102|0x0000000706600000, 0x0000000706600000, 0x0000000706700000|  0%| F|  |TS  0|AC  0|TAMS 0x0000000706600000, 0x0000000706600000|
| 103|0x0000000706700000, 0x0000000706700000, 0x0000000706800000|  0%| F|  |TS  0|AC  0|TAMS 0x0000000706700000, 0x0000000706700000|
| 104|0x0000000706800000, 0x0000000706800000, 0x0000000706900000|  0%| F|  |TS  0|AC  0|TAMS 0x0000000706800000, 0x0000000706800000|
| 105|0x0000000706900000, 0x0000000706900000, 0x0000000706a00000|  0%| F|  |TS  0|AC  0|TAMS 0x0000000706900000, 0x0000000706900000|
| 106|0x0000000706a00000, 0x0000000706a00000, 0x0000000706b00000|  0%| F|  |TS  0|AC  0|TAMS 0x0000000706a00000, 0x0000000706a00000|
| 107|0x0000000706b00000, 0x0000000706b00000, 0x0000000706c00000|  0%| F|  |TS  0|AC  0|TAMS 0x0000000706b00000, 0x0000000706b00000|
| 108|0x0000000706c00000, 0x0000000706c00000, 0x0000000706d00000|  0%| F|  |TS  0|AC  0|TAMS 0x0000000706c00000, 0x0000000706c00000|
| 109|0x0000000706d00000, 0x0000000706d00000, 0x0000000706e00000|  0%| F|  |TS  0|AC  0|TAMS 0x0000000706d00000, 0x0000000706d00000|
| 110|0x0000000706e00000, 0x0000000706e00000, 0x0000000706f00000|  0%| F|  |TS  0|AC  0|TAMS 0x0000000706e00000, 0x0000000706e00000|
| 111|0x0000000706f00000, 0x0000000706f00000, 0x0000000707000000|  0%| F|  |TS  0|AC  0|TAMS 0x0000000706f00000, 0x0000000706f00000|
| 112|0x0000000707000000, 0x0000000707000000, 0x0000000707100000|  0%| F|  |TS  0|AC  0|TAMS 0x0000000707000000, 0x0000000707000000|
| 113|0x0000000707100000, 0x0000000707100000, 0x0000000707200000|  0%| F|  |TS  0|AC  0|TAMS 0x0000000707100000, 0x0000000707100000|
| 114|0x0000000707200000, 0x0000000707200000, 0x0000000707300000|  0%| F|  |TS  0|AC  0|TAMS 0x0000000707200000, 0x0000000707200000|
| 115|0x0000000707300000, 0x0000000707300000, 0x0000000707400000|  0%| F|  |TS  0|AC  0|TAMS 0x0000000707300000, 0x0000000707300000|
| 116|0x0000000707400000, 0x0000000707400000, 0x0000000707500000|  0%| F|  |TS  0|AC  0|TAMS 0x0000000707400000, 0x0000000707400000|
| 117|0x0000000707500000, 0x0000000707500000, 0x0000000707600000|  0%| F|  |TS  0|AC  0|TAMS 0x0000000707500000, 0x0000000707500000|
| 118|0x0000000707600000, 0x0000000707600000, 0x0000000707700000|  0%| F|  |TS  0|AC  0|TAMS 0x0000000707600000, 0x0000000707600000|
| 119|0x0000000707700000, 0x0000000707700000, 0x0000000707800000|  0%| F|  |TS  0|AC  0|TAMS 0x0000000707700000, 0x0000000707700000|
| 120|0x0000000707800000, 0x0000000707800000, 0x0000000707900000|  0%| F|  |TS  0|AC  0|TAMS 0x0000000707800000, 0x0000000707800000|
| 121|0x0000000707900000, 0x0000000707900000, 0x0000000707a00000|  0%| F|  |TS  0|AC  0|TAMS 0x0000000707900000, 0x0000000707900000|
| 122|0x0000000707a00000, 0x0000000707a00000, 0x0000000707b00000|  0%| F|  |TS  0|AC  0|TAMS 0x0000000707a00000, 0x0000000707a00000|
| 123|0x0000000707b00000, 0x0000000707b00000, 0x0000000707c00000|  0%| F|  |TS  0|AC  0|TAMS 0x0000000707b00000, 0x0000000707b00000|
| 124|0x0000000707c00000, 0x0000000707c00000, 0x0000000707d00000|  0%| F|  |TS  0|AC  0|TAMS 0x0000000707c00000, 0x0000000707c00000|
| 125|0x0000000707d00000, 0x0000000707d00000, 0x0000000707e00000|  0%| F|  |TS  0|AC  0|TAMS 0x0000000707d00000, 0x0000000707d00000|
| 126|0x0000000707e00000, 0x0000000707e00000, 0x0000000707f00000|  0%| F|  |TS  0|AC  0|TAMS 0x0000000707e00000, 0x0000000707e00000|
| 127|0x0000000707f00000, 0x0000000707f00000, 0x0000000708000000|  0%| F|  |TS  0|AC  0|TAMS 0x0000000707f00000, 0x0000000707f00000|
| 128|0x0000000708000000, 0x0000000708000000, 0x0000000708100000|  0%| F|  |TS  0|AC  0|TAMS 0x0000000708000000, 0x0000000708000000|
| 129|0x0000000708100000, 0x0000000708100000, 0x0000000708200000|  0%| F|  |TS  0|AC  0|TAMS 0x0000000708100000, 0x0000000708100000|
| 130|0x0000000708200000, 0x0000000708200000, 0x0000000708300000|  0%| F|  |TS  0|AC  0|TAMS 0x0000000708200000, 0x0000000708200000|
| 131|0x0000000708300000, 0x0000000708300000, 0x0000000708400000|  0%| F|  |TS  0|AC  0|TAMS 0x0000000708300000, 0x0000000708300000|
| 132|0x0000000708400000, 0x0000000708400000, 0x0000000708500000|  0%| F|  |TS  0|AC  0|TAMS 0x0000000708400000, 0x0000000708400000|
| 133|0x0000000708500000, 0x0000000708500000, 0x0000000708600000|  0%| F|  |TS  0|AC  0|TAMS 0x0000000708500000, 0x0000000708500000|
| 134|0x0000000708600000, 0x0000000708600000, 0x0000000708700000|  0%| F|  |TS  0|AC  0|TAMS 0x0000000708600000, 0x0000000708600000|
| 135|0x0000000708700000, 0x0000000708700000, 0x0000000708800000|  0%| F|  |TS  0|AC  0|TAMS 0x0000000708700000, 0x0000000708700000|
| 136|0x0000000708800000, 0x0000000708800000, 0x0000000708900000|  0%| F|  |TS  0|AC  0|TAMS 0x0000000708800000, 0x0000000708800000|
| 137|0x0000000708900000, 0x0000000708900000, 0x0000000708a00000|  0%| F|  |TS  0|AC  0|TAMS 0x0000000708900000, 0x0000000708900000|
| 138|0x0000000708a00000, 0x0000000708a00000, 0x0000000708b00000|  0%| F|  |TS  0|AC  0|TAMS 0x0000000708a00000, 0x0000000708a00000|
| 139|0x0000000708b00000, 0x0000000708b00000, 0x0000000708c00000|  0%| F|  |TS  0|AC  0|TAMS 0x0000000708b00000, 0x0000000708b00000|
| 140|0x0000000708c00000, 0x0000000708c00000, 0x0000000708d00000|  0%| F|  |TS  0|AC  0|TAMS 0x0000000708c00000, 0x0000000708c00000|
| 141|0x0000000708d00000, 0x0000000708d00000, 0x0000000708e00000|  0%| F|  |TS  0|AC  0|TAMS 0x0000000708d00000, 0x0000000708d00000|
| 142|0x0000000708e00000, 0x0000000708e00000, 0x0000000708f00000|  0%| F|  |TS  0|AC  0|TAMS 0x0000000708e00000, 0x0000000708e00000|
| 143|0x0000000708f00000, 0x0000000708f00000, 0x0000000709000000|  0%| F|  |TS  0|AC  0|TAMS 0x0000000708f00000, 0x0000000708f00000|
| 144|0x0000000709000000, 0x0000000709000000, 0x0000000709100000|  0%| F|  |TS  0|AC  0|TAMS 0x0000000709000000, 0x0000000709000000|
| 145|0x0000000709100000, 0x0000000709100000, 0x0000000709200000|  0%| F|  |TS  0|AC  0|TAMS 0x0000000709100000, 0x0000000709100000|
| 146|0x0000000709200000, 0x0000000709200000, 0x0000000709300000|  0%| F|  |TS  0|AC  0|TAMS 0x0000000709200000, 0x0000000709200000|
| 147|0x0000000709300000, 0x0000000709300000, 0x0000000709400000|  0%| F|  |TS  0|AC  0|TAMS 0x0000000709300000, 0x0000000709300000|
| 148|0x0000000709400000, 0x00000007094bfc00, 0x0000000709500000| 74%| S|CS|TS  1|AC  0|TAMS 0x0000000709400000, 0x0000000709400000|
| 149|0x0000000709500000, 0x0000000709500000, 0x0000000709600000|  0%| F|  |TS  1|AC  0|TAMS 0x0000000709500000, 0x0000000709500000|
| 150|0x0000000709600000, 0x0000000709600000, 0x0000000709700000|  0%| F|  |TS  1|AC  0|TAMS 0x0000000709600000, 0x0000000709600000|
| 151|0x0000000709700000, 0x0000000709700000, 0x0000000709800000|  0%| F|  |TS  1|AC  0|TAMS 0x0000000709700000, 0x0000000709700000|
| 152|0x0000000709800000, 0x0000000709800000, 0x0000000709900000|  0%| F|  |TS  1|AC  0|TAMS 0x0000000709800000, 0x0000000709800000|
| 153|0x0000000709900000, 0x0000000709900000, 0x0000000709a00000|  0%| F|  |TS  1|AC  0|TAMS 0x0000000709900000, 0x0000000709900000|
| 154|0x0000000709a00000, 0x0000000709a00000, 0x0000000709b00000|  0%| F|  |TS  1|AC  0|TAMS 0x0000000709a00000, 0x0000000709a00000|
| 155|0x0000000709b00000, 0x0000000709b00000, 0x0000000709c00000|  0%| F|  |TS  1|AC  0|TAMS 0x0000000709b00000, 0x0000000709b00000|
| 156|0x0000000709c00000, 0x0000000709c00000, 0x0000000709d00000|  0%| F|  |TS  1|AC  0|TAMS 0x0000000709c00000, 0x0000000709c00000|
| 157|0x0000000709d00000, 0x0000000709d00000, 0x0000000709e00000|  0%| F|  |TS  1|AC  0|TAMS 0x0000000709d00000, 0x0000000709d00000|
| 158|0x0000000709e00000, 0x0000000709e00000, 0x0000000709f00000|  0%| F|  |TS  1|AC  0|TAMS 0x0000000709e00000, 0x0000000709e00000|
| 159|0x0000000709f00000, 0x0000000709f00000, 0x000000070a000000|  0%| F|  |TS  1|AC  0|TAMS 0x0000000709f00000, 0x0000000709f00000|
| 160|0x000000070a000000, 0x000000070a000000, 0x000000070a100000|  0%| F|  |TS  1|AC  0|TAMS 0x000000070a000000, 0x000000070a000000|
| 161|0x000000070a100000, 0x000000070a100000, 0x000000070a200000|  0%| F|  |TS  1|AC  0|TAMS 0x000000070a100000, 0x000000070a100000|
| 162|0x000000070a200000, 0x000000070a200000, 0x000000070a300000|  0%| F|  |TS  1|AC  0|TAMS 0x000000070a200000, 0x000000070a200000|
| 163|0x000000070a300000, 0x000000070a300000, 0x000000070a400000|  0%| F|  |TS  1|AC  0|TAMS 0x000000070a300000, 0x000000070a300000|
| 164|0x000000070a400000, 0x000000070a400000, 0x000000070a500000|  0%| F|  |TS  1|AC  0|TAMS 0x000000070a400000, 0x000000070a400000|
| 165|0x000000070a500000, 0x000000070a500000, 0x000000070a600000|  0%| F|  |TS  1|AC  0|TAMS 0x000000070a500000, 0x000000070a500000|
| 166|0x000000070a600000, 0x000000070a600000, 0x000000070a700000|  0%| F|  |TS  1|AC  0|TAMS 0x000000070a600000, 0x000000070a600000|
| 167|0x000000070a700000, 0x000000070a700000, 0x000000070a800000|  0%| F|  |TS  1|AC  0|TAMS 0x000000070a700000, 0x000000070a700000|
| 168|0x000000070a800000, 0x000000070a800000, 0x000000070a900000|  0%| F|  |TS  1|AC  0|TAMS 0x000000070a800000, 0x000000070a800000|
| 169|0x000000070a900000, 0x000000070a900000, 0x000000070aa00000|  0%| F|  |TS  1|AC  0|TAMS 0x000000070a900000, 0x000000070a900000|
| 170|0x000000070aa00000, 0x000000070aa00000, 0x000000070ab00000|  0%| F|  |TS  1|AC  0|TAMS 0x000000070aa00000, 0x000000070aa00000|
| 171|0x000000070ab00000, 0x000000070ab00000, 0x000000070ac00000|  0%| F|  |TS  1|AC  0|TAMS 0x000000070ab00000, 0x000000070ab00000|
| 172|0x000000070ac00000, 0x000000070ac00000, 0x000000070ad00000|  0%| F|  |TS  1|AC  0|TAMS 0x000000070ac00000, 0x000000070ac00000|
| 173|0x000000070ad00000, 0x000000070ad00000, 0x000000070ae00000|  0%| F|  |TS  1|AC  0|TAMS 0x000000070ad00000, 0x000000070ad00000|
| 174|0x000000070ae00000, 0x000000070ae00000, 0x000000070af00000|  0%| F|  |TS  1|AC  0|TAMS 0x000000070ae00000, 0x000000070ae00000|
| 175|0x000000070af00000, 0x000000070af00000, 0x000000070b000000|  0%| F|  |TS  1|AC  0|TAMS 0x000000070af00000, 0x000000070af00000|
| 176|0x000000070b000000, 0x000000070b000000, 0x000000070b100000|  0%| F|  |TS  1|AC  0|TAMS 0x000000070b000000, 0x000000070b000000|
| 177|0x000000070b100000, 0x000000070b100000, 0x000000070b200000|  0%| F|  |TS  1|AC  0|TAMS 0x000000070b100000, 0x000000070b100000|
| 178|0x000000070b200000, 0x000000070b200000, 0x000000070b300000|  0%| F|  |TS  1|AC  0|TAMS 0x000000070b200000, 0x000000070b200000|
| 179|0x000000070b300000, 0x000000070b300000, 0x000000070b400000|  0%| F|  |TS  1|AC  0|TAMS 0x000000070b300000, 0x000000070b300000|
| 180|0x000000070b400000, 0x000000070b400000, 0x000000070b500000|  0%| F|  |TS  1|AC  0|TAMS 0x000000070b400000, 0x000000070b400000|
| 181|0x000000070b500000, 0x000000070b500000, 0x000000070b600000|  0%| F|  |TS  1|AC  0|TAMS 0x000000070b500000, 0x000000070b500000|
| 182|0x000000070b600000, 0x000000070b600000, 0x000000070b700000|  0%| F|  |TS  1|AC  0|TAMS 0x000000070b600000, 0x000000070b600000|
| 183|0x000000070b700000, 0x000000070b700000, 0x000000070b800000|  0%| F|  |TS  1|AC  0|TAMS 0x000000070b700000, 0x000000070b700000|
| 184|0x000000070b800000, 0x000000070b800000, 0x000000070b900000|  0%| F|  |TS  1|AC  0|TAMS 0x000000070b800000, 0x000000070b800000|
| 185|0x000000070b900000, 0x000000070b900000, 0x000000070ba00000|  0%| F|  |TS  1|AC  0|TAMS 0x000000070b900000, 0x000000070b900000|
| 186|0x000000070ba00000, 0x000000070ba00000, 0x000000070bb00000|  0%| F|  |TS  1|AC  0|TAMS 0x000000070ba00000, 0x000000070ba00000|
| 187|0x000000070bb00000, 0x000000070bb00000, 0x000000070bc00000|  0%| F|  |TS  1|AC  0|TAMS 0x000000070bb00000, 0x000000070bb00000|
| 188|0x000000070bc00000, 0x000000070bc00000, 0x000000070bd00000|  0%| F|  |TS  1|AC  0|TAMS 0x000000070bc00000, 0x000000070bc00000|
| 189|0x000000070bd00000, 0x000000070bd00000, 0x000000070be00000|  0%| F|  |TS  1|AC  0|TAMS 0x000000070bd00000, 0x000000070bd00000|
| 190|0x000000070be00000, 0x000000070be00000, 0x000000070bf00000|  0%| F|  |TS  1|AC  0|TAMS 0x000000070be00000, 0x000000070be00000|
| 191|0x000000070bf00000, 0x000000070bf00000, 0x000000070c000000|  0%| F|  |TS  1|AC  0|TAMS 0x000000070bf00000, 0x000000070bf00000|
| 192|0x000000070c000000, 0x000000070c000000, 0x000000070c100000|  0%| F|  |TS  1|AC  0|TAMS 0x000000070c000000, 0x000000070c000000|
| 193|0x000000070c100000, 0x000000070c100000, 0x000000070c200000|  0%| F|  |TS  1|AC  0|TAMS 0x000000070c100000, 0x000000070c100000|
| 194|0x000000070c200000, 0x000000070c200000, 0x000000070c300000|  0%| F|  |TS  1|AC  0|TAMS 0x000000070c200000, 0x000000070c200000|
| 195|0x000000070c300000, 0x000000070c300000, 0x000000070c400000|  0%| F|  |TS  1|AC  0|TAMS 0x000000070c300000, 0x000000070c300000|
| 196|0x000000070c400000, 0x000000070c496670, 0x000000070c500000| 58%| E|  |TS  1|AC  0|TAMS 0x000000070c400000, 0x000000070c400000|
| 197|0x000000070c500000, 0x000000070c600000, 0x000000070c600000|100%| E|CS|TS  1|AC  0|TAMS 0x000000070c500000, 0x000000070c500000|
| 198|0x000000070c600000, 0x000000070c700000, 0x000000070c700000|100%| E|CS|TS  1|AC  0|TAMS 0x000000070c600000, 0x000000070c600000|
| 199|0x000000070c700000, 0x000000070c800000, 0x000000070c800000|100%| E|CS|TS  1|AC  0|TAMS 0x000000070c700000, 0x000000070c700000|
| 200|0x000000070c800000, 0x000000070c900000, 0x000000070c900000|100%| E|CS|TS  1|AC  0|TAMS 0x000000070c800000, 0x000000070c800000|
| 201|0x000000070c900000, 0x000000070ca00000, 0x000000070ca00000|100%| E|CS|TS  1|AC  0|TAMS 0x000000070c900000, 0x000000070c900000|
| 202|0x000000070ca00000, 0x000000070cb00000, 0x000000070cb00000|100%| E|CS|TS  1|AC  0|TAMS 0x000000070ca00000, 0x000000070ca00000|
| 203|0x000000070cb00000, 0x000000070cc00000, 0x000000070cc00000|100%| E|CS|TS  1|AC  0|TAMS 0x000000070cb00000, 0x000000070cb00000|
| 204|0x000000070cc00000, 0x000000070cd00000, 0x000000070cd00000|100%| E|CS|TS  1|AC  0|TAMS 0x000000070cc00000, 0x000000070cc00000|
| 205|0x000000070cd00000, 0x000000070ce00000, 0x000000070ce00000|100%| E|CS|TS  1|AC  0|TAMS 0x000000070cd00000, 0x000000070cd00000|
| 206|0x000000070ce00000, 0x000000070cf00000, 0x000000070cf00000|100%| E|CS|TS  1|AC  0|TAMS 0x000000070ce00000, 0x000000070ce00000|
| 207|0x000000070cf00000, 0x000000070d000000, 0x000000070d000000|100%| E|CS|TS  1|AC  0|TAMS 0x000000070cf00000, 0x000000070cf00000|
| 208|0x000000070d000000, 0x000000070d100000, 0x000000070d100000|100%| E|CS|TS  1|AC  0|TAMS 0x000000070d000000, 0x000000070d000000|

Card table byte_map: [0x000001d432390000,0x000001d432990000] byte_map_base: 0x000001d42eb90000

Marking Bits (Prev, Next): (CMBitMap*) 0x000001d4197cb090, (CMBitMap*) 0x000001d4197cb0c8
 Prev Bits: [0x000001d432f90000, 0x000001d435f90000)
 Next Bits: [0x000001d435f90000, 0x000001d438f90000)

Polling page: 0x000001d410b10000

CodeHeap 'non-profiled nmethods': size=120000Kb used=16816Kb max_used=16816Kb free=103183Kb
 bounds [0x000001d42a860000, 0x000001d42b8f0000, 0x000001d431d90000]
CodeHeap 'profiled nmethods': size=120000Kb used=39766Kb max_used=41043Kb free=80233Kb
 bounds [0x000001d423330000, 0x000001d425b80000, 0x000001d42a860000]
CodeHeap 'non-nmethods': size=5760Kb used=1772Kb max_used=1822Kb free=3987Kb
 bounds [0x000001d422d90000, 0x000001d423000000, 0x000001d423330000]
 total_blobs=26983 nmethods=15103 adapters=1088
 compilation: enabled

Compilation events (10 events):
Event: 1047.595 Thread 0x000001d41a955000 18790       4       com.jidesoft.grid.AbstractExpandable::hasChildren (36 bytes)
Event: 1047.610 Thread 0x000001d41a955000 nmethod 18790 0x000001d42b2d9b90 code [0x000001d42b2d9d60, 0x000001d42b2da238]
Event: 1047.610 Thread 0x000001d416a1a000 nmethod 18783 0x000001d423f4f990 code [0x000001d423f4ffa0, 0x000001d423f54ba0]
Event: 1047.610 Thread 0x000001d416a1a000 18785       3       ui.views.O.i.a::bG (32 bytes)
Event: 1047.612 Thread 0x000001d416a1a000 nmethod 18785 0x000001d423a67590 code [0x000001d423a677a0, 0x000001d423a68020]
Event: 1047.612 Thread 0x000001d416a1a000 18784       3       javax.swing.CellRendererPane::paint (1 bytes)
Event: 1047.612 Thread 0x000001d416a1a000 nmethod 18784 0x000001d4236d1c10 code [0x000001d4236d1dc0, 0x000001d4236d1f18]
Event: 1047.651 Thread 0x000001d416a1a000 18791       3       javax.swing.JTable::createDefaultColumnsFromModel (74 bytes)
Event: 1047.653 Thread 0x000001d416a1a000 nmethod 18791 0x000001d423a66310 code [0x000001d423a66560, 0x000001d423a671f0]
Event: 1047.667 Thread 0x000001d416a19800 nmethod 18788 0x000001d42b3bc590 code [0x000001d42b3bc860, 0x000001d42b3bda60]

GC Heap History (10 events):
Event: 954.977 GC heap before
{Heap before GC invocations=96 (full 3):
 garbage-first heap   total 214016K, used 132051K [0x0000000700000000, 0x0000000700100688, 0x00000007c0000000)
  region size 1024K, 60 young (61440K), 8 survivors (8192K)
 Metaspace       used 80591K, capacity 86589K, committed 86864K, reserved 1124352K
  class space    used 11578K, capacity 12615K, committed 12668K, reserved 1048576K
}
Event: 954.986 GC heap after
{Heap after GC invocations=97 (full 3):
 garbage-first heap   total 214016K, used 78413K [0x0000000700000000, 0x0000000700100688, 0x00000007c0000000)
  region size 1024K, 2 young (2048K), 2 survivors (2048K)
 Metaspace       used 80591K, capacity 86589K, committed 86864K, reserved 1124352K
  class space    used 11578K, capacity 12615K, committed 12668K, reserved 1048576K
}
Event: 955.762 GC heap before
{Heap before GC invocations=97 (full 3):
 garbage-first heap   total 214016K, used 137805K [0x0000000700000000, 0x0000000700100688, 0x00000007c0000000)
  region size 1024K, 60 young (61440K), 2 survivors (2048K)
 Metaspace       used 81785K, capacity 87753K, committed 88016K, reserved 1124352K
  class space    used 11703K, capacity 12727K, committed 12796K, reserved 1048576K
}
Event: 955.771 GC heap after
{Heap after GC invocations=98 (full 3):
 garbage-first heap   total 214016K, used 79730K [0x0000000700000000, 0x0000000700100688, 0x00000007c0000000)
  region size 1024K, 3 young (3072K), 3 survivors (3072K)
 Metaspace       used 81785K, capacity 87753K, committed 88016K, reserved 1124352K
  class space    used 11703K, capacity 12727K, committed 12796K, reserved 1048576K
}
Event: 956.886 GC heap before
{Heap before GC invocations=98 (full 3):
 garbage-first heap   total 214016K, used 138098K [0x0000000700000000, 0x0000000700100688, 0x00000007c0000000)
  region size 1024K, 60 young (61440K), 3 survivors (3072K)
 Metaspace       used 83448K, capacity 89597K, committed 89680K, reserved 1126400K
  class space    used 12032K, capacity 13101K, committed 13180K, reserved 1048576K
}
Event: 956.897 GC heap after
{Heap after GC invocations=99 (full 3):
 garbage-first heap   total 214016K, used 81665K [0x0000000700000000, 0x0000000700100688, 0x00000007c0000000)
  region size 1024K, 5 young (5120K), 5 survivors (5120K)
 Metaspace       used 83448K, capacity 89597K, committed 89680K, reserved 1126400K
  class space    used 12032K, capacity 13101K, committed 13180K, reserved 1048576K
}
Event: 957.100 GC heap before
{Heap before GC invocations=99 (full 3):
 garbage-first heap   total 214016K, used 92929K [0x0000000700000000, 0x0000000700100688, 0x00000007c0000000)
  region size 1024K, 14 young (14336K), 5 survivors (5120K)
 Metaspace       used 84120K, capacity 90333K, committed 90576K, reserved 1126400K
  class space    used 12107K, capacity 13197K, committed 13308K, reserved 1048576K
}
Event: 957.359 GC heap after
{Heap after GC invocations=100 (full 4):
 garbage-first heap   total 214016K, used 75688K [0x0000000700000000, 0x0000000700100688, 0x00000007c0000000)
  region size 1024K, 0 young (0K), 0 survivors (0K)
 Metaspace       used 84120K, capacity 90333K, committed 90576K, reserved 1126400K
  class space    used 12107K, capacity 13197K, committed 13308K, reserved 1048576K
}
Event: 1036.280 GC heap before
{Heap before GC invocations=100 (full 4):
 garbage-first heap   total 214016K, used 137128K [0x0000000700000000, 0x0000000700100688, 0x00000007c0000000)
  region size 1024K, 60 young (61440K), 0 survivors (0K)
 Metaspace       used 84232K, capacity 90405K, committed 90576K, reserved 1126400K
  class space    used 12110K, capacity 13197K, committed 13308K, reserved 1048576K
}
Event: 1036.676 GC heap after
{Heap after GC invocations=101 (full 4):
 garbage-first heap   total 214016K, used 76455K [0x0000000700000000, 0x0000000700100688, 0x00000007c0000000)
  region size 1024K, 1 young (1024K), 1 survivors (1024K)
 Metaspace       used 84232K, capacity 90405K, committed 90576K, reserved 1126400K
  class space    used 12110K, capacity 13197K, committed 13308K, reserved 1048576K
}

Deoptimization events (10 events):
Event: 957.036 Thread 0x000001d41b8d7000 Uncommon trap: reason=unstable_if action=reinterpret pc=0x000001d42ad5b298 method=sun.font.FileFontStrike.getGlyphMetrics(IZ)Ljava/awt/geom/Point2D$Float; @ 97 c2
Event: 957.036 Thread 0x000001d41b8d7000 Uncommon trap: reason=unstable_if action=reinterpret pc=0x000001d42ad4f11c method=sun.font.FileFontStrike.getGlyphMetrics(IZ)Ljava/awt/geom/Point2D$Float; @ 97 c2
Event: 957.037 Thread 0x000001d41b8d7000 Uncommon trap: reason=unstable_if action=reinterpret pc=0x000001d42add4e6c method=java.awt.font.FontRenderContext.getTransform()Ljava/awt/geom/AffineTransform; @ 4 c2
Event: 957.038 Thread 0x000001d41b8d7000 Uncommon trap: reason=unstable_if action=reinterpret pc=0x000001d42adcc3ac method=sun.font.StandardGlyphVector$GlyphStrike.create(Lsun/font/StandardGlyphVector;Ljava/awt/geom/AffineTransform;Ljava/awt/geom/AffineTransform;)Lsun/font/StandardGlyphVector$Gl
Event: 957.038 Thread 0x000001d41b8d7000 Uncommon trap: reason=unstable_if action=reinterpret pc=0x000001d42add5bc8 method=sun.font.StandardGlyphVector$GlyphStrike.create(Lsun/font/StandardGlyphVector;Ljava/awt/geom/AffineTransform;Ljava/awt/geom/AffineTransform;)Lsun/font/StandardGlyphVector$Gl
Event: 957.360 Thread 0x000001d418f55800 Uncommon trap: reason=null_check action=make_not_entrant pc=0x000001d42b395be4 method=de.javasoft.plaf.synthetica.painter.AnimationThreadFactory$AnimationThread.run()V @ 116 c2
Event: 957.510 Thread 0x000001d41b8d7000 Uncommon trap: reason=unstable_if action=reinterpret pc=0x000001d42affc070 method=javax.swing.tree.VariableHeightLayoutCache$TreeStateNode.hasValidSize()Z @ 4 c2
Event: 957.514 Thread 0x000001d41b8d7000 Uncommon trap: reason=unstable_if action=reinterpret pc=0x000001d42b181110 method=javax.swing.table.DefaultTableCellRenderer.getTableCellRendererComponent(Ljavax/swing/JTable;Ljava/lang/Object;ZZII)Ljava/awt/Component; @ 132 c2
Event: 1036.677 Thread 0x000001d442982800 Uncommon trap: reason=unstable_if action=reinterpret pc=0x000001d42b17b4d8 method=java.util.concurrent.locks.AbstractQueuedSynchronizer.unparkSuccessor(Ljava/util/concurrent/locks/AbstractQueuedSynchronizer$Node;)V @ 6 c2
Event: 1036.680 Thread 0x000001d442982800 Uncommon trap: reason=unstable_if action=reinterpret pc=0x000001d42b4a3160 method=java.util.concurrent.locks.LockSupport.unpark(Ljava/lang/Thread;)V @ 1 c2

Classes redefined (0 events):
No events

Internal exceptions (10 events):
Event: 956.372 Thread 0x000001d41b8d7000 Exception <a 'java/lang/ClassNotFoundException'{0x000000070c461a90}: javax/swing/JPanelCustomizer> (0x000000070c461a90) thrown at [t:/workspace/hotspot/src/share/vm/classfile/systemDictionary.cpp, line 218]
Event: 956.377 Thread 0x000001d41b8d7000 Exception <a 'java/lang/ClassNotFoundException'{0x000000070c4a9788}: org/jdesktop/swingx/JXPanelCustomizer> (0x000000070c4a9788) thrown at [t:/workspace/hotspot/src/share/vm/classfile/systemDictionary.cpp, line 218]
Event: 956.383 Thread 0x000001d41b8d7000 Exception <a 'java/lang/ClassNotFoundException'{0x000000070c4f6ac0}: org/jdesktop/swingx/JXTitledPanelCustomizer> (0x000000070c4f6ac0) thrown at [t:/workspace/hotspot/src/share/vm/classfile/systemDictionary.cpp, line 218]
Event: 956.388 Thread 0x000001d41b8d7000 Exception <a 'java/lang/ClassNotFoundException'{0x000000070c33cb28}: ui/utils/p/p/a/dCustomizer> (0x000000070c33cb28) thrown at [t:/workspace/hotspot/src/share/vm/classfile/systemDictionary.cpp, line 218]
Event: 956.392 Thread 0x000001d41b8d7000 Exception <a 'java/lang/ClassNotFoundException'{0x000000070c37f738}: ui/views/waveform/f/pCustomizer> (0x000000070c37f738) thrown at [t:/workspace/hotspot/src/share/vm/classfile/systemDictionary.cpp, line 218]
Event: 956.422 Thread 0x000001d41b8d7000 Implicit null exception at 0x000001d42b088d06 to 0x000001d42b0895cd
Event: 956.582 Thread 0x000001d41b8d7000 Exception <a 'java/lang/NoSuchMethodError'{0x000000070bd94780}: java.lang.invoke.DirectMethodHandle$Holder.invokeSpecial(Ljava/lang/Object;Ljava/lang/Object;IIIJJJ)Ljava/lang/Object;> (0x000000070bd94780) thrown at [t:/workspace/hotspot/src/share/vm/inter
Event: 956.582 Thread 0x000001d41b8d7000 Exception <a 'java/lang/NoSuchMethodError'{0x000000070bd97f28}: java.lang.invoke.DelegatingMethodHandle$Holder.reinvoke_L(Ljava/lang/Object;IIIJJJ)Ljava/lang/Object;> (0x000000070bd97f28) thrown at [t:/workspace/hotspot/src/share/vm/interpreter/linkResolv
Event: 956.582 Thread 0x000001d41b8d7000 Exception <a 'java/lang/NoSuchMethodError'{0x000000070bda6980}: method resolution failed> (0x000000070bda6980) thrown at [t:/workspace/hotspot/src/share/vm/prims/methodHandles.cpp, line 1256]
Event: 957.360 Thread 0x000001d418f55800 Implicit null exception at 0x000001d42b394274 to 0x000001d42b395bcd

Events (10 events):
Event: 1042.850 Executing VM operation: RevokeBias done
Event: 1042.850 Thread 0x000001d442988800 Thread exited: 0x000001d442988800
Event: 1043.191 Thread 0x000001d442985800 Thread added: 0x000001d442985800
Event: 1043.199 Thread 0x000001d442985800 Thread exited: 0x000001d442985800
Event: 1044.222 Thread 0x000001d442989800 Thread added: 0x000001d442989800
Event: 1044.233 Thread 0x000001d442989800 Thread exited: 0x000001d442989800
Event: 1045.960 loading class ui/views/O/a/w
Event: 1045.966 loading class ui/views/O/a/w done
Event: 1047.617 Thread 0x000001d442984000 Thread added: 0x000001d442984000
Event: 1047.626 Thread 0x000001d442984000 Thread exited: 0x000001d442984000


Dynamic libraries:
0x00007ff623bf0000 - 0x00007ff623c20000 	D:\Vivado_HLx\Vivado\2019.2\bin\unwrapped\win64.o\vivado.exe
0x00007ff903f50000 - 0x00007ff904167000 	C:\WINDOWS\SYSTEM32\ntdll.dll
0x00007ff903cb0000 - 0x00007ff903d74000 	C:\WINDOWS\System32\KERNEL32.DLL
0x00007ff9018c0000 - 0x00007ff901c65000 	C:\WINDOWS\System32\KERNELBASE.dll
0x00007ff901700000 - 0x00007ff901811000 	C:\WINDOWS\System32\ucrtbase.dll
0x00007ff8eaea0000 - 0x00007ff8eaf2e000 	C:\WINDOWS\SYSTEM32\MSVCP140.dll
0x00007ff8eaf50000 - 0x00007ff8eaf6b000 	C:\WINDOWS\SYSTEM32\VCRUNTIME140.dll
0x00007ff8eaa00000 - 0x00007ff8eaa0c000 	C:\WINDOWS\SYSTEM32\VCRUNTIME140_1.dll
0x00007ff8f9a00000 - 0x00007ff8f9a14000 	D:\Vivado_HLx\Vivado\2019.2\lib\win64.o\libboost_signals.dll
0x00007ff8ea4d0000 - 0x00007ff8ea4e6000 	D:\Vivado_HLx\Vivado\2019.2\lib\win64.o\librdi_commonmain.dll
0x00007ff87cb60000 - 0x00007ff87daa3000 	D:\Vivado_HLx\Vivado\2019.2\lib\win64.o\librdi_common.dll
0x00007ff8dee00000 - 0x00007ff8dee26000 	D:\Vivado_HLx\Vivado\2019.2\lib\win64.o\libboost_filesystem.dll
0x00007ff903920000 - 0x00007ff9039d1000 	C:\WINDOWS\System32\ADVAPI32.dll
0x00007ff9027a0000 - 0x00007ff902847000 	C:\WINDOWS\System32\msvcrt.dll
0x00007ff903e30000 - 0x00007ff903ed6000 	C:\WINDOWS\System32\sechost.dll
0x00007ff903b90000 - 0x00007ff903ca7000 	C:\WINDOWS\System32\RPCRT4.dll
0x00007ff902590000 - 0x00007ff90273e000 	C:\WINDOWS\System32\USER32.dll
0x00007ff8dccc0000 - 0x00007ff8dce61000 	D:\Vivado_HLx\Vivado\2019.2\lib\win64.o\librdi_commonxillic.dll
0x00007ff901430000 - 0x00007ff901456000 	C:\WINDOWS\System32\win32u.dll
0x00007ff9039e0000 - 0x00007ff903a09000 	C:\WINDOWS\System32\GDI32.dll
0x00007ff901310000 - 0x00007ff901429000 	C:\WINDOWS\System32\gdi32full.dll
0x00007ff901820000 - 0x00007ff9018ba000 	C:\WINDOWS\System32\msvcp_win.dll
0x00007ff9023c0000 - 0x00007ff902431000 	C:\WINDOWS\System32\WS2_32.dll
0x00007ff902b10000 - 0x00007ff903369000 	C:\WINDOWS\System32\SHELL32.dll
0x00007ff8fc680000 - 0x00007ff8fc68a000 	D:\Vivado_HLx\Vivado\2019.2\lib\win64.o\librdi_commonversion.dll
0x00007ff8f6c50000 - 0x00007ff8f6c5b000 	D:\Vivado_HLx\Vivado\2019.2\lib\win64.o\libboost_system.dll
0x0000000055650000 - 0x000000005577b000 	D:\Vivado_HLx\Vivado\2019.2\lib\win64.o\tcl85t.dll
0x00007ff8dede0000 - 0x00007ff8dedf4000 	D:\Vivado_HLx\Vivado\2019.2\lib\win64.o\libboost_date_time.dll
0x00007ff8b5bb0000 - 0x00007ff8b5f1e000 	D:\Vivado_HLx\Vivado\2019.2\lib\win64.o\libCOIN-all.dll
0x00007ff8d3ef0000 - 0x00007ff8d4004000 	D:\Vivado_HLx\Vivado\2019.2\lib\win64.o\libboost_regex.dll
0x00007ff8de680000 - 0x00007ff8de6ff000 	D:\Vivado_HLx\Vivado\2019.2\lib\win64.o\libboost_program_options.dll
0x00007ff8de650000 - 0x00007ff8de671000 	D:\Vivado_HLx\Vivado\2019.2\lib\win64.o\libboost_thread.dll
0x00007ff8f44b0000 - 0x00007ff8f44bf000 	D:\Vivado_HLx\Vivado\2019.2\lib\win64.o\libboost_xilinx.dll
0x00007ff8dbfd0000 - 0x00007ff8dc075000 	D:\Vivado_HLx\Vivado\2019.2\lib\win64.o\libhdxml.dll
0x00007ff8dbea0000 - 0x00007ff8dbf22000 	D:\Vivado_HLx\Vivado\2019.2\lib\win64.o\libhdlpsolve.dll
0x00007ff8de620000 - 0x00007ff8de64e000 	D:\Vivado_HLx\Vivado\2019.2\lib\win64.o\libisl_sysinfo.dll
0x00007ff8de600000 - 0x00007ff8de61a000 	D:\Vivado_HLx\Vivado\2019.2\lib\win64.o\pthreadVC2.dll
0x00007ff8dde80000 - 0x00007ff8dde9c000 	D:\Vivado_HLx\Vivado\2019.2\lib\win64.o\librdiconfig.dll
0x00007ff8dc640000 - 0x00007ff8dc661000 	D:\Vivado_HLx\Vivado\2019.2\lib\win64.o\librdizlib.dll
0x00007ff8dcc50000 - 0x00007ff8dccb5000 	D:\Vivado_HLx\Vivado\2019.2\lib\win64.o\liblmx6.0.dll
0x00007ff87bf60000 - 0x00007ff87cb5c200 	D:\Vivado_HLx\Vivado\2019.2\lib\win64.o\libisl_iostreams.dll
0x00007ff900c20000 - 0x00007ff900c48000 	C:\WINDOWS\SYSTEM32\bcrypt.dll
0x00007ff8ea9e0000 - 0x00007ff8ea9f9000 	C:\WINDOWS\SYSTEM32\NETAPI32.dll
0x00007ff8d9cf0000 - 0x00007ff8da1e4000 	C:\WINDOWS\SYSTEM32\WININET.dll
0x00007ff8f9b60000 - 0x00007ff8f9c97000 	C:\WINDOWS\SYSTEM32\WINHTTP.dll
0x00007ff8f1910000 - 0x00007ff8f1b00000 	C:\WINDOWS\SYSTEM32\urlmon.dll
0x0000000012000000 - 0x0000000012270000 	D:\Vivado_HLx\Vivado\2019.2\lib\win64.o\xerces-c_3_1.dll
0x00007ff8a8f30000 - 0x00007ff8a920b000 	D:\Vivado_HLx\Vivado\2019.2\lib\win64.o\libXil_lmgr11.dll
0x00007ff903a90000 - 0x00007ff903b89000 	C:\WINDOWS\System32\COMDLG32.dll
0x00007ff903370000 - 0x00007ff9036f9000 	C:\WINDOWS\System32\combase.dll
0x00007ff9028a0000 - 0x00007ff902993000 	C:\WINDOWS\System32\shcore.dll
0x00007ff902740000 - 0x00007ff90279e000 	C:\WINDOWS\System32\SHLWAPI.dll
0x00007ff902a20000 - 0x00007ff902af7000 	C:\WINDOWS\System32\OLEAUT32.dll
0x00007ff902220000 - 0x00007ff9023c0000 	C:\WINDOWS\System32\ole32.dll
0x00007ff901460000 - 0x00007ff9014cc000 	C:\WINDOWS\System32\WINTRUST.dll
0x00007ff9014d0000 - 0x00007ff901636000 	C:\WINDOWS\System32\CRYPT32.dll
0x00007ff8ee760000 - 0x00007ff8ee769000 	C:\WINDOWS\SYSTEM32\WSOCK32.dll
0x00007ff8d61e0000 - 0x00007ff8d6211000 	C:\WINDOWS\SYSTEM32\VCOMP140.DLL
0x00007ff8ea6f0000 - 0x00007ff8ea6fd000 	D:\Vivado_HLx\Vivado\2019.2\lib\win64.o\libboost_chrono.dll
0x00007ff8dde60000 - 0x00007ff8dde7b000 	D:\Vivado_HLx\Vivado\2019.2\lib\win64.o\libboost_iostreams.dll
0x00007ff8dbfa0000 - 0x00007ff8dbfc5000 	D:\Vivado_HLx\Vivado\2019.2\lib\win64.o\libisl_iosutils.dll
0x00007ff8f1650000 - 0x00007ff8f190c000 	C:\WINDOWS\SYSTEM32\iertutil.dll
0x00007ff8ffcb0000 - 0x00007ff8ffcbc000 	C:\WINDOWS\SYSTEM32\netutils.dll
0x00007ff8f3a70000 - 0x00007ff8f3a98000 	C:\WINDOWS\SYSTEM32\srvcli.dll
0x00007ff87b0c0000 - 0x00007ff87bf51000 	D:\Vivado_HLx\Vivado\2019.2\lib\win64.o\gurobi65.dll
0x00007ff8dffa0000 - 0x00007ff8e0053000 	C:\WINDOWS\WinSxS\amd64_microsoft.windows.common-controls_6595b64144ccf1df_5.82.22621.2506_none_b43bab19638c9595\COMCTL32.dll
0x00007ff8f9b40000 - 0x00007ff8f9b5f000 	C:\WINDOWS\SYSTEM32\dhcpcsvc.DLL
0x00007ff903700000 - 0x00007ff903731000 	C:\WINDOWS\System32\IMM32.DLL
0x00007ff900f30000 - 0x00007ff900f42000 	C:\WINDOWS\SYSTEM32\MSASN1.dll
0x00007ff9001f0000 - 0x00007ff900208000 	C:\WINDOWS\SYSTEM32\kernel.appcore.dll
0x00007ff8a8a10000 - 0x00007ff8a8f27000 	D:\Vivado_HLx\Vivado\2019.2\lib\win64.o\librdi_commontasks.dll
0x00007ff8f9d30000 - 0x00007ff8f9d3a000 	C:\WINDOWS\SYSTEM32\VERSION.dll
0x00007ff8a8720000 - 0x00007ff8a8a03000 	D:\Vivado_HLx\Vivado\2019.2\lib\win64.o\librdi_sio.dll
0x00007ff8ffcc0000 - 0x00007ff8ffced000 	C:\WINDOWS\SYSTEM32\IPHLPAPI.DLL
0x0000000054c20000 - 0x0000000055645000 	D:\Vivado_HLx\Vivado\2019.2\tps\win64\jre9.0.4\bin\server\jvm.dll
0x00007ff902110000 - 0x00007ff902118000 	C:\WINDOWS\System32\PSAPI.DLL
0x00007ff8f9ca0000 - 0x00007ff8f9cd4000 	C:\WINDOWS\SYSTEM32\WINMM.dll
0x00007ff8cf560000 - 0x00007ff8cf64f000 	C:\WINDOWS\SYSTEM32\MSVCR120.dll
0x00007ff9006c0000 - 0x00007ff900729000 	C:\WINDOWS\SYSTEM32\MSWSOCK.DLL
0x00007ff8ff160000 - 0x00007ff8ffa54000 	C:\WINDOWS\SYSTEM32\windows.storage.dll
0x00007ff8ff020000 - 0x00007ff8ff15e000 	C:\WINDOWS\SYSTEM32\wintypes.dll
0x00007ff86fac0000 - 0x00007ff872205000 	D:\Vivado_HLx\Vivado\2019.2\lib\win64.o\librdi_tcltasks.dll
0x00007ff8cd230000 - 0x00007ff8cd2ab000 	D:\Vivado_HLx\Vivado\2019.2\lib\win64.o\librdi_boarddep.dll
0x00007ff8b7350000 - 0x00007ff8b74a2000 	D:\Vivado_HLx\Vivado\2019.2\lib\win64.o\librdi_cd_client.dll
0x00007ff8b4010000 - 0x00007ff8b41ad000 	D:\Vivado_HLx\Vivado\2019.2\lib\win64.o\librdi_board.dll
0x00007ff8b7260000 - 0x00007ff8b734f000 	D:\Vivado_HLx\Vivado\2019.2\lib\win64.o\librdi_chipscope.dll
0x00007ff8a8310000 - 0x00007ff8a8634000 	D:\Vivado_HLx\Vivado\2019.2\lib\win64.o\librdi_containers.dll
0x00007ff8a9a80000 - 0x00007ff8a9c40000 	D:\Vivado_HLx\Vivado\2019.2\lib\win64.o\librdi_chipscopeimpl.dll
0x00007ff87ac00000 - 0x00007ff87b0b4000 	D:\Vivado_HLx\Vivado\2019.2\lib\win64.o\librdi_bitstream.dll
0x00007ff87a520000 - 0x00007ff87abf9000 	D:\Vivado_HLx\Vivado\2019.2\lib\win64.o\librdi_coregenipxact.dll
0x00007ff872e70000 - 0x00007ff87494a000 	D:\Vivado_HLx\Vivado\2019.2\lib\win64.o\librdi_constraints.dll
0x00007ff86dad0000 - 0x00007ff86fac0000 	D:\Vivado_HLx\Vivado\2019.2\lib\win64.o\librdi_coregen.dll
0x00007ff869800000 - 0x00007ff86dacb000 	D:\Vivado_HLx\Vivado\2019.2\lib\win64.o\librdi_designutils.dll
0x00007ff8b5ae0000 - 0x00007ff8b5ba4000 	D:\Vivado_HLx\Vivado\2019.2\lib\win64.o\librdi_dsp.dll
0x00007ff87a1d0000 - 0x00007ff87a51a000 	D:\Vivado_HLx\Vivado\2019.2\lib\win64.o\librdi_dlyest.dll
0x00007ff869230000 - 0x00007ff8697fd000 	D:\Vivado_HLx\Vivado\2019.2\lib\win64.o\librdi_drc.dll
0x00007ff8cf4f0000 - 0x00007ff8cf55a000 	D:\Vivado_HLx\Vivado\2019.2\lib\win64.o\librdi_hdf.dll
0x00007ff868f20000 - 0x00007ff869230000 	D:\Vivado_HLx\Vivado\2019.2\lib\win64.o\librdi_guitools.dll
0x00007ff8a72a0000 - 0x00007ff8a74c0000 	D:\Vivado_HLx\Vivado\2019.2\lib\win64.o\librdi_hip_devdesign.dll
0x00007ff8688b0000 - 0x00007ff868f1b000 	D:\Vivado_HLx\Vivado\2019.2\lib\win64.o\librdi_filemgmt.dll
0x00007ff8cd360000 - 0x00007ff8cd4a8000 	D:\Vivado_HLx\Vivado\2019.2\lib\win64.o\librdi_hip_perf_analysis.dll
0x00007ff8cd2e0000 - 0x00007ff8cd354000 	D:\Vivado_HLx\Vivado\2019.2\lib\win64.o\librdi_memoryarray.dll
0x00007ff8625b0000 - 0x00007ff863d1d000 	D:\Vivado_HLx\Vivado\2019.2\lib\win64.o\librdi_implflow.dll
0x00007ff867c90000 - 0x00007ff8682c1000 	D:\Vivado_HLx\Vivado\2019.2\lib\win64.o\librdi_memdata.dll
0x00007ff84da00000 - 0x00007ff8625ab000 	D:\Vivado_HLx\Vivado\2019.2\lib\win64.o\librdi_device.dll
0x00007ff8cad50000 - 0x00007ff8cad9c000 	D:\Vivado_HLx\Vivado\2019.2\lib\win64.o\librdi_pfi.dll
0x00007ff864ec0000 - 0x00007ff867c8b000 	D:\Vivado_HLx\Vivado\2019.2\lib\win64.o\librdi_mig.dll
0x00007ff864ba0000 - 0x00007ff864ebb000 	D:\Vivado_HLx\Vivado\2019.2\lib\win64.o\librdi_platform.dll
0x00007ff8644b0000 - 0x00007ff864b93000 	D:\Vivado_HLx\Vivado\2019.2\lib\win64.o\librdi_netlist.dll
0x00007ff863d70000 - 0x00007ff8644a3000 	D:\Vivado_HLx\Vivado\2019.2\lib\win64.o\librdi_psta.dll
0x00007ff84d1f0000 - 0x00007ff84d9fb000 	D:\Vivado_HLx\Vivado\2019.2\lib\win64.o\librdi_power.dll
0x00007ff84cdc0000 - 0x00007ff84d1e3000 	D:\Vivado_HLx\Vivado\2019.2\lib\win64.o\librdi_runs.dll
0x00007ff84a4f0000 - 0x00007ff84cdb7000 	D:\Vivado_HLx\Vivado\2019.2\lib\win64.o\librdi_place.dll
0x00007ff849f30000 - 0x00007ff84a4ea000 	D:\Vivado_HLx\Vivado\2019.2\lib\win64.o\librdi_project.dll
0x00007ff8a8010000 - 0x00007ff8a8118000 	D:\Vivado_HLx\Vivado\2019.2\lib\win64.o\librdi_runsbase.dll
0x00007ff849cb0000 - 0x00007ff849f25000 	D:\Vivado_HLx\Vivado\2019.2\lib\win64.o\librdi_simdata.dll
0x00007ff8495e0000 - 0x00007ff849ca1000 	D:\Vivado_HLx\Vivado\2019.2\lib\win64.o\librdi_rsb.dll
0x00007ff8a0ed0000 - 0x00007ff8a1071000 	D:\Vivado_HLx\Vivado\2019.2\lib\win64.o\librdi_advchipscopeimpl.dll
0x00007ff8b59d0000 - 0x00007ff8b5a1c000 	D:\Vivado_HLx\Vivado\2019.2\lib\win64.o\libboost_serialization.dll
0x00007ff88ed90000 - 0x00007ff88ef30000 	D:\Vivado_HLx\Vivado\2019.2\lib\win64.o\librdi_cd_protocol.dll
0x00007ff848750000 - 0x00007ff8495dd000 	D:\Vivado_HLx\Vivado\2019.2\lib\win64.o\librdi_timing.dll
0x00007ff8a7de0000 - 0x00007ff8a7eb7000 	D:\Vivado_HLx\Vivado\2019.2\lib\win64.o\librdi_ipconfig_readwrite.dll
0x00007ff847c00000 - 0x00007ff848747000 	D:\Vivado_HLx\Vivado\2019.2\lib\win64.o\libverific.dll
0x00007ff8b1660000 - 0x00007ff8b16aa000 	D:\Vivado_HLx\Vivado\2019.2\lib\win64.o\librdi_noc_frameworks.dll
0x00007ff847a10000 - 0x00007ff847bf4000 	D:\Vivado_HLx\Vivado\2019.2\lib\win64.o\librdi_hip_config.dll
0x00007ff8a8680000 - 0x00007ff8a871e000 	D:\Vivado_HLx\Vivado\2019.2\lib\win64.o\libise.dll
0x00007ff8b0360000 - 0x00007ff8b03aa000 	D:\Vivado_HLx\Vivado\2019.2\lib\win64.o\librdi_wavedata_SimpleApi.dll
0x00007ff8474c0000 - 0x00007ff847a0e000 	D:\Vivado_HLx\Vivado\2019.2\lib\win64.o\librdi_xdm.dll

VM Arguments:
jvm_args: -Dsun.java2d.pmoffscreen=false -Dsun.java2d.xrender=false -Dsun.java2d.d3d=false -Dsun.awt.nopixfmt=true -Dsun.java2d.dpiaware=true -Dsun.java2d.uiScale.enabled=false -Xverify:none -Dswing.aatext=true -XX:-UsePerfData -Djdk.map.althashing.threshold=512 -XX:StringTableSize=4072 --add-opens=java.base/java.nio=ALL-UNNAMED --add-opens=java.desktop/sun.swing=ALL-UNNAMED --add-opens=java.desktop/javax.swing=ALL-UNNAMED --add-opens=java.desktop/javax.swing.tree=ALL-UNNAMED --add-opens=java.desktop/javax.swing.plaf.basic=ALL-UNNAMED --add-opens=java.desktop/javax.swing.plaf.synth=ALL-UNNAMED --add-opens=java.desktop/com.sun.awt=ALL-UNNAMED -XX:NewSize=60m -XX:MaxNewSize=60m -Xms128m -Xmx3072m -Xss5m 
java_command: <unknown>
java_class_path (initial): D:/Vivado_HLx/Vivado/2019.2\lib\classes\alloy.jar;D:/Vivado_HLx/Vivado/2019.2\lib\classes\autoesl-common.jar;D:/Vivado_HLx/Vivado/2019.2\lib\classes\autoesl-models.jar;D:/Vivado_HLx/Vivado/2019.2\lib\classes\autoesl-report.jar;D:/Vivado_HLx/Vivado/2019.2\lib\classes\autopilot.scelaborator.jar;D:/Vivado_HLx/Vivado/2019.2\lib\classes\autopilot.sourceprocessor.jar;D:/Vivado_HLx/Vivado/2019.2\lib\classes\autopilot.tbprocessor.jar;D:/Vivado_HLx/Vivado/2019.2\lib\classes\batik-anim.jar;D:/Vivado_HLx/Vivado/2019.2\lib\classes\batik-awt-util.jar;D:/Vivado_HLx/Vivado/2019.2\lib\classes\batik-bridge.jar;D:/Vivado_HLx/Vivado/2019.2\lib\classes\batik-codec.jar;D:/Vivado_HLx/Vivado/2019.2\lib\classes\batik-css.jar;D:/Vivado_HLx/Vivado/2019.2\lib\classes\batik-dom.jar;D:/Vivado_HLx/Vivado/2019.2\lib\classes\batik-ext.jar;D:/Vivado_HLx/Vivado/2019.2\lib\classes\batik-gui-util.jar;D:/Vivado_HLx/Vivado/2019.2\lib\classes\batik-gvt.jar;D:/Vivado_HLx/Vivado/2019.2\lib\classes\batik-parser.jar;D:/Vivado_HLx/Vivado/2019.2\lib\classes\batik-script.jar;D:/Vivado_HLx/Vivado/2019.2\lib\classes\batik-svg-dom.jar;D:/Vivado_HLx/Vivado/2019.2\lib\classes\batik-swing.jar;D:/Vivado_HLx/Vivado/2019.2\lib\classes\batik-transcoder.jar;D:/Vivado_HLx/Vivado/2019.2\lib\classes\batik-util.jar;D:/Vivado_HLx/Vivado/2019.2\lib\classes\batik-xml.jar;D:/Vivado_HLx/Vivado/2019.2\lib\classes\com.google.gson_2.7.0.v20170129-0911.jar;D:/Vivado_HLx/Vivado/2019.2\lib\classes\com.google.guava_21.0.0.v20170206-1425.jar;D:/Vivado_HLx/Vivado/2019.2\lib\classes\com.ibm.icu_4.4.2.v20110208.jar;D:/Vivado_HLx/Vivado/2019.2\lib\classes\com.sigasi.hdt.connection_4.5.0.201909241521.jar;D:/Vivado_HLx/Vivado/2019.2\lib\classes\com.sigasi.hdt.epl_4.5.0.201909241521.jar;D:/Vivado_HLx/Vivado/2019.2\lib\classes\com.sigasi.hdt.project_4.5.0.201909241521.jar;D:/Vivado_HLx/Vivado/2019.2\lib\classes\com.sigasi.hdt.readonlyfilesystem_4.5.0.201909241521.jar;D:/Vivado_HLx/Vivado/2019.2\lib\classes\com.sigasi.
Launcher Type: generic

Logging:
Log output configuration:
#0: stdout all=warning uptime,level,tags
#1: stderr all=off uptime,level,tags

Environment Variables:
PATH=D:/Vivado_HLx/Vivado/2019.2\gnuwin\bin;D:/Vivado_HLx/Vivado/2019.2\gnu\microblaze\nt\bin;D:/Vivado_HLx/Vivado/2019.2/bin;D:/Vivado_HLx/Vivado/2019.2/lib/win64.o;D:/Vivado_HLx/Vivado/2019.2/tps/win64/jre9.0.4/bin/server;D:/Vivado_HLx/Vivado/2019.2/tps/win64/jre9.0.4/bin;D:/Vivado_HLx/Vivado/2019.2/ids_lite/ISE/bin/nt64;D:/Vivado_HLx/Vivado/2019.2/ids_lite/ISE/lib/nt64;C:\Windows\system32;C:\Windows;C:\Windows\System32\Wbem;C:\Windows\System32\WindowsPowerShell\v1.0\;C:\Windows\System32\OpenSSH\;C:\Program Files (x86)\NVIDIA Corporation\PhysX\Common;C:\Program Files\CMake\bin;C:\ProgramData\chocolatey\bin;C:\Program Files\Microsoft SQL Server\150\Tools\Binn\;C:\Program Files\Microsoft SQL Server\Client SDK\ODBC\170\Tools\Binn\;C:\Program Files\dotnet\;C:\Program Files\PuTTY\;C:\Program Files\Git\cmd;C:\Program Files (x86)\dotnet\;C:\Program Files\NVIDIA Corporation\NVIDIA NvDLISR;C:\Program Files\nodejs\;C:\Program Files\Docker\Docker\resources\bin;C:\Users\ACER\AppData\Local\Programs\Python\Python311\Scripts\;C:\Users\ACER\AppData\Local\Programs\Python\Python311\;C:\Users\ACER\AppData\Local\Microsoft\WindowsApps;C:\Users\ACER\AppData\Local\Programs\Microsoft VS Code\bin;C:\iverilog\bin;C:\iverilog\gtkwave\bin;C:\Users\ACER\AppData\Local\GitHubDesktop\bin;C:\Users\ACER\.dotnet\tools;C:\intelFPGA\19.1\modelsim_ase\win32aloem;C:\intelFPGA_lite\19.1\modelsim_ase\win32aloem;C:\src\flutter\bin;C:\Users\ACER\AppData\Roaming\npm;;D:/Vivado_HLx/Vivado/2019.2\tps\mingw\6.2.0\win64.o\nt\bin;D:/Vivado_HLx/Vivado/2019.2\tps\mingw\6.2.0\win64.o\nt\libexec\gcc\x86_64-w64-mingw32\6.2.0;D:/Vivado_HLx/Vivado/2019.2\tps\win64\python-2.7.5;D:/Vivado_HLx/Vivado/2019.2\tps\win64\python-2.7.5\bin;D:/Vivado_HLx/Vivado/2019.2\tps\win64\python-2.7.5\lib;D:/Vivado_HLx/Vivado/2019.2\tps\win64\python-2.7.5\Lib\lib-tk;D:/Vivado_HLx/Vivado/2019.2\tps\win64\python-2.7.5\lib\site-packages
USERNAME=ACER
OS=Windows_NT
PROCESSOR_IDENTIFIER=Intel64 Family 6 Model 142 Stepping 12, GenuineIntel



---------------  S Y S T E M  ---------------

OS: Windows 10 , 64 bit Build 22621 (10.0.22621.2506)

CPU:total 8 (initial active 8) (4 cores per cpu, 2 threads per core) family 6 model 142 stepping 12, cmov, cx8, fxsr, mmx, sse, sse2, sse3, ssse3, sse4.1, sse4.2, popcnt, avx, avx2, aes, clmul, erms, 3dnowpref, lzcnt, ht, tsc, tscinvbit, bmi1, bmi2, adx, fma

Memory: 4k page, physical 8098740k(422828k free), swap 33264564k(332k free)

vm_info: Java HotSpot(TM) 64-Bit Server VM (9.0.4+11) for windows-amd64 JRE (9.0.4+11), built on Dec 20 2017 02:18:54 by "mach5one" with MS VC++ 12.0 (VS2013)

END.
